<?xml version="1.0" encoding="UTF-8"?>
<!-- Generated by org.testng.reporters.JUnitReportReporter -->
<testsuite hostname="DESKTOP-7SKN0R1" failures="0" tests="1" name="testNGPack1.TestNGProg1" time="0.016" errors="0" timestamp="2022-05-25T14:52:54 IST" skipped="0">
  <testcase classname="testNGPack1.TestNGProg1" name="method1" time="0.016"/>
  <system-out/>
</testsuite> <!-- testNGPack1.TestNGProg1 -->
