<?xml version="1.0" encoding="UTF-8"?>
<!-- Generated by org.testng.reporters.JUnitReportReporter -->
<testsuite hostname="DESKTOP-7SKN0R1" failures="0" tests="6" name="com.Saucedemo.Practice.Practice1" time="0.029" errors="0" timestamp="2022-05-30T15:19:47 IST" skipped="0">
  <testcase classname="com.Saucedemo.Practice.Practice1" name="method" time="0.004"/>
  <system-out/>
  <testcase classname="com.Saucedemo.Practice.Practice1" name="method" time="0.010"/>
  <system-out/>
  <testcase classname="com.Saucedemo.Practice.Practice1" name="method" time="0.002"/>
  <system-out/>
  <testcase classname="com.Saucedemo.Practice.Practice1" name="method" time="0.005"/>
  <system-out/>
  <testcase classname="com.Saucedemo.Practice.Practice1" name="sigleProductTest" time="0.004"/>
  <system-out/>
  <testcase classname="com.Saucedemo.Practice.Practice1" name="loginTest" time="0.004"/>
  <system-out/>
</testsuite> <!-- com.Saucedemo.Practice.Practice1 -->
